Frontend/Voting App/VoteVault/android/capacitor-cordova-android-plugins/build/intermediates/manifest_merge_blame_file/debug/manifest-merger-blame-debug-report.txt
1<?xml version="1.0" encoding="utf-8"?>
2<manifest xmlns:amazon="http://schemas.amazon.com/apk/res/android"
3    xmlns:android="http://schemas.android.com/apk/res/android"
4    package="capacitor.android.plugins" >
5
6    <uses-sdk
7        android:minSdkVersion="21"
7-->src\main\AndroidManifest.xml
8        android:targetSdkVersion="30" />
8-->src\main\AndroidManifest.xml
9
10    <uses-permission android:name="android.permission.CAMERA" />
10-->src\main\AndroidManifest.xml:10:1-60
10-->src\main\AndroidManifest.xml:10:18-58
11    <uses-permission android:name="android.permission.FLASHLIGHT" />
11-->src\main\AndroidManifest.xml:11:1-64
11-->src\main\AndroidManifest.xml:11:18-62
12
13    <uses-feature
13-->src\main\AndroidManifest.xml:12:1-79
14        android:name="android.hardware.camera"
14-->src\main\AndroidManifest.xml:12:15-53
15        android:required="true" />
15-->src\main\AndroidManifest.xml:12:54-77
16
17    <application>
17-->src\main\AndroidManifest.xml:5:1-9:15
18        <meta-data
18-->src\main\AndroidManifest.xml:6:1-68
19            android:name="android.max_aspect"
19-->src\main\AndroidManifest.xml:6:12-45
20            android:value="2.16" />
20-->src\main\AndroidManifest.xml:6:46-66
21
22        <activity
22-->src\main\AndroidManifest.xml:7:1-302
23            android:name="com.google.zxing.client.android.CaptureActivity"
23-->src\main\AndroidManifest.xml:7:11-73
24            android:clearTaskOnLaunch="true"
24-->src\main\AndroidManifest.xml:7:74-106
25            android:configChanges="orientation|keyboardHidden|screenSize"
25-->src\main\AndroidManifest.xml:7:107-168
26            android:exported="false"
26-->src\main\AndroidManifest.xml:7:276-300
27            android:theme="@android:style/Theme.NoTitleBar.Fullscreen"
27-->src\main\AndroidManifest.xml:7:169-227
28            android:windowSoftInputMode="stateAlwaysHidden" />
28-->src\main\AndroidManifest.xml:7:228-275
29        <activity
29-->src\main\AndroidManifest.xml:8:1-103
30            android:name="com.google.zxing.client.android.encode.EncodeActivity"
30-->src\main\AndroidManifest.xml:8:11-79
31            android:label="Share" />
31-->src\main\AndroidManifest.xml:8:80-101
32    </application>
33
34</manifest>